生成启动时间为 2018/1/3 5:24:10。
     1>项目“C:\Users\Ryan\Desktop\BackCar-1.2\BackCar\BackCar.vcxproj”在节点 2 上(Build 个目标)。
     1>ClCompile:
         C:\VS\VC\bin\CL.exe /c /ZI /nologo /W3 /WX- /sdl /Od /Oy- /D WIN32 /D _DEBUG /D _WINDOWS /D _UNICODE /D UNICODE /Gm /EHsc /RTC1 /MDd /GS /fp:precise /Zc:wchar_t /Zc:forScope /Fo"Debug\\" /Fd"Debug\vc120.pdb" /Gd /TP /analyze- /errorReport:prompt d3dBackCar.cpp
         d3dBackCar.cpp
     1>c:\program files (x86)\microsoft directx sdk (june 2010)\include\dxgitype.h(12): warning C4005: “DXGI_STATUS_OCCLUDED”: 宏重定义
                 c:\program files (x86)\windows kits\8.1\include\shared\winerror.h(50092) : 参见“DXGI_STATUS_OCCLUDED”的前一个定义
     1>c:\program files (x86)\microsoft directx sdk (june 2010)\include\dxgitype.h(13): warning C4005: “DXGI_STATUS_CLIPPED”: 宏重定义
                 c:\program files (x86)\windows kits\8.1\include\shared\winerror.h(50101) : 参见“DXGI_STATUS_CLIPPED”的前一个定义
     1>c:\program files (x86)\microsoft directx sdk (june 2010)\include\dxgitype.h(14): warning C4005: “DXGI_STATUS_NO_REDIRECTION”: 宏重定义
                 c:\program files (x86)\windows kits\8.1\include\shared\winerror.h(50110) : 参见“DXGI_STATUS_NO_REDIRECTION”的前一个定义
     1>c:\program files (x86)\microsoft directx sdk (june 2010)\include\dxgitype.h(15): warning C4005: “DXGI_STATUS_NO_DESKTOP_ACCESS”: 宏重定义
                 c:\program files (x86)\windows kits\8.1\include\shared\winerror.h(50119) : 参见“DXGI_STATUS_NO_DESKTOP_ACCESS”的前一个定义
     1>c:\program files (x86)\microsoft directx sdk (june 2010)\include\dxgitype.h(16): warning C4005: “DXGI_STATUS_GRAPHICS_VIDPN_SOURCE_IN_USE”: 宏重定义
                 c:\program files (x86)\windows kits\8.1\include\shared\winerror.h(50128) : 参见“DXGI_STATUS_GRAPHICS_VIDPN_SOURCE_IN_USE”的前一个定义
     1>c:\program files (x86)\microsoft directx sdk (june 2010)\include\dxgitype.h(17): warning C4005: “DXGI_STATUS_MODE_CHANGED”: 宏重定义
                 c:\program files (x86)\windows kits\8.1\include\shared\winerror.h(50137) : 参见“DXGI_STATUS_MODE_CHANGED”的前一个定义
     1>c:\program files (x86)\microsoft directx sdk (june 2010)\include\dxgitype.h(18): warning C4005: “DXGI_STATUS_MODE_CHANGE_IN_PROGRESS”: 宏重定义
                 c:\program files (x86)\windows kits\8.1\include\shared\winerror.h(50146) : 参见“DXGI_STATUS_MODE_CHANGE_IN_PROGRESS”的前一个定义
     1>c:\program files (x86)\microsoft directx sdk (june 2010)\include\dxgitype.h(21): warning C4005: “DXGI_ERROR_INVALID_CALL”: 宏重定义
                 c:\program files (x86)\windows kits\8.1\include\shared\winerror.h(50161) : 参见“DXGI_ERROR_INVALID_CALL”的前一个定义
     1>c:\program files (x86)\microsoft directx sdk (june 2010)\include\dxgitype.h(22): warning C4005: “DXGI_ERROR_NOT_FOUND”: 宏重定义
                 c:\program files (x86)\windows kits\8.1\include\shared\winerror.h(50170) : 参见“DXGI_ERROR_NOT_FOUND”的前一个定义
     1>c:\program files (x86)\microsoft directx sdk (june 2010)\include\dxgitype.h(23): warning C4005: “DXGI_ERROR_MORE_DATA”: 宏重定义
                 c:\program files (x86)\windows kits\8.1\include\shared\winerror.h(50179) : 参见“DXGI_ERROR_MORE_DATA”的前一个定义
     1>c:\program files (x86)\microsoft directx sdk (june 2010)\include\dxgitype.h(24): warning C4005: “DXGI_ERROR_UNSUPPORTED”: 宏重定义
                 c:\program files (x86)\windows kits\8.1\include\shared\winerror.h(50188) : 参见“DXGI_ERROR_UNSUPPORTED”的前一个定义
     1>c:\program files (x86)\microsoft directx sdk (june 2010)\include\dxgitype.h(25): warning C4005: “DXGI_ERROR_DEVICE_REMOVED”: 宏重定义
                 c:\program files (x86)\windows kits\8.1\include\shared\winerror.h(50197) : 参见“DXGI_ERROR_DEVICE_REMOVED”的前一个定义
     1>c:\program files (x86)\microsoft directx sdk (june 2010)\include\dxgitype.h(26): warning C4005: “DXGI_ERROR_DEVICE_HUNG”: 宏重定义
                 c:\program files (x86)\windows kits\8.1\include\shared\winerror.h(50206) : 参见“DXGI_ERROR_DEVICE_HUNG”的前一个定义
     1>c:\program files (x86)\microsoft directx sdk (june 2010)\include\dxgitype.h(27): warning C4005: “DXGI_ERROR_DEVICE_RESET”: 宏重定义
                 c:\program files (x86)\windows kits\8.1\include\shared\winerror.h(50216) : 参见“DXGI_ERROR_DEVICE_RESET”的前一个定义
     1>c:\program files (x86)\microsoft directx sdk (june 2010)\include\dxgitype.h(28): warning C4005: “DXGI_ERROR_WAS_STILL_DRAWING”: 宏重定义
                 c:\program files (x86)\windows kits\8.1\include\shared\winerror.h(50225) : 参见“DXGI_ERROR_WAS_STILL_DRAWING”的前一个定义
     1>c:\program files (x86)\microsoft directx sdk (june 2010)\include\dxgitype.h(29): warning C4005: “DXGI_ERROR_FRAME_STATISTICS_DISJOINT”: 宏重定义
                 c:\program files (x86)\windows kits\8.1\include\shared\winerror.h(50235) : 参见“DXGI_ERROR_FRAME_STATISTICS_DISJOINT”的前一个定义
     1>c:\program files (x86)\microsoft directx sdk (june 2010)\include\dxgitype.h(30): warning C4005: “DXGI_ERROR_GRAPHICS_VIDPN_SOURCE_IN_USE”: 宏重定义
                 c:\program files (x86)\windows kits\8.1\include\shared\winerror.h(50244) : 参见“DXGI_ERROR_GRAPHICS_VIDPN_SOURCE_IN_USE”的前一个定义
     1>c:\program files (x86)\microsoft directx sdk (june 2010)\include\dxgitype.h(31): warning C4005: “DXGI_ERROR_DRIVER_INTERNAL_ERROR”: 宏重定义
                 c:\program files (x86)\windows kits\8.1\include\shared\winerror.h(50254) : 参见“DXGI_ERROR_DRIVER_INTERNAL_ERROR”的前一个定义
     1>c:\program files (x86)\microsoft directx sdk (june 2010)\include\dxgitype.h(32): warning C4005: “DXGI_ERROR_NONEXCLUSIVE”: 宏重定义
                 c:\program files (x86)\windows kits\8.1\include\shared\winerror.h(50263) : 参见“DXGI_ERROR_NONEXCLUSIVE”的前一个定义
     1>c:\program files (x86)\microsoft directx sdk (june 2010)\include\dxgitype.h(33): warning C4005: “DXGI_ERROR_NOT_CURRENTLY_AVAILABLE”: 宏重定义
                 c:\program files (x86)\windows kits\8.1\include\shared\winerror.h(50272) : 参见“DXGI_ERROR_NOT_CURRENTLY_AVAILABLE”的前一个定义
     1>c:\program files (x86)\microsoft directx sdk (june 2010)\include\dxgitype.h(34): warning C4005: “DXGI_ERROR_REMOTE_CLIENT_DISCONNECTED”: 宏重定义
                 c:\program files (x86)\windows kits\8.1\include\shared\winerror.h(50282) : 参见“DXGI_ERROR_REMOTE_CLIENT_DISCONNECTED”的前一个定义
     1>c:\program files (x86)\microsoft directx sdk (june 2010)\include\dxgitype.h(35): warning C4005: “DXGI_ERROR_REMOTE_OUTOFMEMORY”: 宏重定义
                 c:\program files (x86)\windows kits\8.1\include\shared\winerror.h(50291) : 参见“DXGI_ERROR_REMOTE_OUTOFMEMORY”的前一个定义
     1>c:\program files (x86)\microsoft directx sdk (june 2010)\include\d3d11.h(917): warning C4005: “D3D11_ERROR_TOO_MANY_UNIQUE_STATE_OBJECTS”: 宏重定义
                 c:\program files (x86)\windows kits\8.1\include\shared\winerror.h(50469) : 参见“D3D11_ERROR_TOO_MANY_UNIQUE_STATE_OBJECTS”的前一个定义
     1>c:\program files (x86)\microsoft directx sdk (june 2010)\include\d3d11.h(918): warning C4005: “D3D11_ERROR_FILE_NOT_FOUND”: 宏重定义
                 c:\program files (x86)\windows kits\8.1\include\shared\winerror.h(50478) : 参见“D3D11_ERROR_FILE_NOT_FOUND”的前一个定义
     1>c:\program files (x86)\microsoft directx sdk (june 2010)\include\d3d11.h(919): warning C4005: “D3D11_ERROR_TOO_MANY_UNIQUE_VIEW_OBJECTS”: 宏重定义
                 c:\program files (x86)\windows kits\8.1\include\shared\winerror.h(50488) : 参见“D3D11_ERROR_TOO_MANY_UNIQUE_VIEW_OBJECTS”的前一个定义
     1>c:\program files (x86)\microsoft directx sdk (june 2010)\include\d3d11.h(920): warning C4005: “D3D11_ERROR_DEFERRED_CONTEXT_MAP_WITHOUT_INITIAL_DISCARD”: 宏重定义
                 c:\program files (x86)\windows kits\8.1\include\shared\winerror.h(50497) : 参见“D3D11_ERROR_DEFERRED_CONTEXT_MAP_WITHOUT_INITIAL_DISCARD”的前一个定义
     1>c:\program files (x86)\microsoft directx sdk (june 2010)\include\d3d10.h(608): warning C4005: “D3D10_ERROR_TOO_MANY_UNIQUE_STATE_OBJECTS”: 宏重定义
                 c:\program files (x86)\windows kits\8.1\include\shared\winerror.h(50445) : 参见“D3D10_ERROR_TOO_MANY_UNIQUE_STATE_OBJECTS”的前一个定义
     1>c:\program files (x86)\microsoft directx sdk (june 2010)\include\d3d10.h(609): warning C4005: “D3D10_ERROR_FILE_NOT_FOUND”: 宏重定义
                 c:\program files (x86)\windows kits\8.1\include\shared\winerror.h(50454) : 参见“D3D10_ERROR_FILE_NOT_FOUND”的前一个定义
     1>c:\users\ryan\desktop\backcar-1.2\backcar\d3dbackcar.cpp(84): warning C4316: “Camera”: 在堆上分配的对象可能不是对齐 16
     1>c:\users\ryan\desktop\backcar-1.2\backcar\d3dbackcar.cpp(96): warning C4800: “HRESULT”: 将值强制为布尔值“true”或“false”(性能警告)
     1>c:\users\ryan\desktop\backcar-1.2\backcar\d3dbackcar.cpp(111): warning C4800: “HRESULT”: 将值强制为布尔值“true”或“false”(性能警告)
     1>c:\users\ryan\desktop\backcar-1.2\backcar\d3dbackcar.cpp(237): warning C4800: “HRESULT”: 将值强制为布尔值“true”或“false”(性能警告)
     1>c:\users\ryan\desktop\backcar-1.2\backcar\d3dbackcar.cpp(1309): warning C4800: “HRESULT”: 将值强制为布尔值“true”或“false”(性能警告)
     1>c:\users\ryan\desktop\backcar-1.2\backcar\d3dbackcar.cpp(1556): warning C4305: “参数”: 从“double”到“FLOAT”截断
     1>c:\users\ryan\desktop\backcar-1.2\backcar\d3dbackcar.cpp(1565): warning C4305: “参数”: 从“double”到“FLOAT”截断
     1>c:\users\ryan\desktop\backcar-1.2\backcar\d3dbackcar.cpp(1574): warning C4305: “参数”: 从“double”到“FLOAT”截断
     1>c:\users\ryan\desktop\backcar-1.2\backcar\d3dbackcar.cpp(1328): warning C4715: “Setup”: 不是所有的控件路径都返回值
       Link:
         C:\VS\VC\bin\link.exe /ERRORREPORT:PROMPT /OUT:"C:\Users\Ryan\Desktop\BackCar-1.2\Debug\BackCar.exe" /INCREMENTAL /NOLOGO kernel32.lib user32.lib gdi32.lib winspool.lib comdlg32.lib advapi32.lib shell32.lib ole32.lib oleaut32.lib uuid.lib odbc32.lib odbccp32.lib /MANIFEST /MANIFESTUAC:"level='asInvoker' uiAccess='false'" /manifest:embed /DEBUG /PDB:"C:\Users\Ryan\Desktop\BackCar-1.2\Debug\BackCar.pdb" /SUBSYSTEM:WINDOWS /TLBID:1 /DYNAMICBASE /NXCOMPAT /IMPLIB:"C:\Users\Ryan\Desktop\BackCar-1.2\Debug\BackCar.lib" /MACHINE:X86 Debug\Camera.obj
         Debug\d3dBackCar.obj
         Debug\d3dUtility.obj
         Debug\ObjLoader.obj
         BackCar.vcxproj -> C:\Users\Ryan\Desktop\BackCar-1.2\Debug\BackCar.exe
     1>已完成生成项目“C:\Users\Ryan\Desktop\BackCar-1.2\BackCar\BackCar.vcxproj”(Build 个目标)的操作。

生成成功。

已用时间 00:00:03.36
